android/app/build/intermediates/manifest_merge_blame_file/release/manifest-merger-blame-release-report.txt
1<?xml version="1.0" encoding="utf-8"?>
2<manifest xmlns:android="http://schemas.android.com/apk/res/android"
3    package="com.sharebooster.app"
4    android:versionCode="1"
5    android:versionName="1.0" >
6
7    <uses-sdk
8        android:minSdkVersion="24"
9        android:targetSdkVersion="34" />
10
11    <uses-permission android:name="android.permission.INTERNET" />
11-->src/main/AndroidManifest.xml:5:5-67
11-->src/main/AndroidManifest.xml:5:22-64
12    <uses-permission android:name="android.permission.ACCESS_NETWORK_STATE" />
12-->src/main/AndroidManifest.xml:6:5-79
12-->src/main/AndroidManifest.xml:6:22-76
13    <uses-permission android:name="android.permission.WAKE_LOCK" />
13-->src/main/AndroidManifest.xml:7:5-68
13-->src/main/AndroidManifest.xml:7:22-65
14    <uses-permission android:name="android.permission.FOREGROUND_SERVICE" />
14-->src/main/AndroidManifest.xml:8:5-77
14-->src/main/AndroidManifest.xml:8:22-74
15    <uses-permission android:name="android.permission.POST_NOTIFICATIONS" />
15-->src/main/AndroidManifest.xml:9:5-77
15-->src/main/AndroidManifest.xml:9:22-74
16    <uses-permission android:name="com.google.android.finsky.permission.BIND_GET_INSTALL_REFERRER_SERVICE" />
16-->[com.google.android.gms:play-services-measurement:21.5.0] AndroidManifest.xml:26:5-110
16-->[com.google.android.gms:play-services-measurement:21.5.0] AndroidManifest.xml:26:22-107
17    <uses-permission android:name="com.google.android.gms.permission.AD_ID" />
17-->[com.google.android.gms:play-services-measurement-impl:21.5.0] AndroidManifest.xml:27:5-79
17-->[com.google.android.gms:play-services-measurement-impl:21.5.0] AndroidManifest.xml:27:22-76
18    <uses-permission android:name="com.google.android.providers.gsf.permission.READ_GSERVICES" />
18-->[com.google.android.recaptcha:recaptcha:18.4.0] AndroidManifest.xml:9:5-98
18-->[com.google.android.recaptcha:recaptcha:18.4.0] AndroidManifest.xml:9:22-95
19    <uses-permission android:name="android.permission.ACCESS_ADSERVICES_ATTRIBUTION" />
19-->[com.google.android.gms:play-services-measurement-api:21.5.0] AndroidManifest.xml:26:5-88
19-->[com.google.android.gms:play-services-measurement-api:21.5.0] AndroidManifest.xml:26:22-85
20    <uses-permission android:name="android.permission.ACCESS_ADSERVICES_AD_ID" />
20-->[com.google.android.gms:play-services-measurement-api:21.5.0] AndroidManifest.xml:27:5-82
20-->[com.google.android.gms:play-services-measurement-api:21.5.0] AndroidManifest.xml:27:22-79
21    <uses-permission android:name="android.permission.RECEIVE_BOOT_COMPLETED" />
21-->[androidx.work:work-runtime:2.9.0] AndroidManifest.xml:25:5-81
21-->[androidx.work:work-runtime:2.9.0] AndroidManifest.xml:25:22-78
22
23    <permission
23-->[androidx.core:core:1.12.0] AndroidManifest.xml:22:5-24:47
24        android:name="com.sharebooster.app.DYNAMIC_RECEIVER_NOT_EXPORTED_PERMISSION"
24-->[androidx.core:core:1.12.0] AndroidManifest.xml:23:9-81
25        android:protectionLevel="signature" />
25-->[androidx.core:core:1.12.0] AndroidManifest.xml:24:9-44
26
27    <uses-permission android:name="com.sharebooster.app.DYNAMIC_RECEIVER_NOT_EXPORTED_PERMISSION" />
27-->[androidx.core:core:1.12.0] AndroidManifest.xml:26:5-97
27-->[androidx.core:core:1.12.0] AndroidManifest.xml:26:22-94
28
29    <application
29-->src/main/AndroidManifest.xml:11:5-46:19
30        android:name="com.sharebooster.app.ShareBoosterApplication"
30-->src/main/AndroidManifest.xml:12:9-48
31        android:allowBackup="true"
31-->src/main/AndroidManifest.xml:13:9-35
32        android:appComponentFactory="androidx.core.app.CoreComponentFactory"
32-->[androidx.core:core:1.12.0] AndroidManifest.xml:28:18-86
33        android:dataExtractionRules="@xml/data_extraction_rules"
33-->src/main/AndroidManifest.xml:14:9-65
34        android:extractNativeLibs="false"
35        android:fullBackupContent="@xml/backup_rules"
35-->src/main/AndroidManifest.xml:15:9-54
36        android:icon="@mipmap/ic_launcher"
36-->src/main/AndroidManifest.xml:16:9-43
37        android:label="@string/app_name"
37-->src/main/AndroidManifest.xml:17:9-41
38        android:roundIcon="@mipmap/ic_launcher_round"
38-->src/main/AndroidManifest.xml:18:9-54
39        android:supportsRtl="true"
39-->src/main/AndroidManifest.xml:19:9-35
40        android:theme="@style/Theme.ShareBooster"
40-->src/main/AndroidManifest.xml:20:9-50
41        android:usesCleartextTraffic="true" >
41-->src/main/AndroidManifest.xml:21:9-44
42        <activity
42-->src/main/AndroidManifest.xml:24:9-34:20
43            android:name="com.sharebooster.app.MainActivity"
43-->src/main/AndroidManifest.xml:25:13-41
44            android:exported="true"
44-->src/main/AndroidManifest.xml:26:13-36
45            android:label="@string/app_name"
45-->src/main/AndroidManifest.xml:27:13-45
46            android:screenOrientation="portrait"
46-->src/main/AndroidManifest.xml:29:13-49
47            android:theme="@style/Theme.ShareBooster" >
47-->src/main/AndroidManifest.xml:28:13-54
48            <intent-filter>
48-->src/main/AndroidManifest.xml:30:13-33:29
49                <action android:name="android.intent.action.MAIN" />
49-->src/main/AndroidManifest.xml:31:17-69
49-->src/main/AndroidManifest.xml:31:25-66
50
51                <category android:name="android.intent.category.LAUNCHER" />
51-->src/main/AndroidManifest.xml:32:17-77
51-->src/main/AndroidManifest.xml:32:27-74
52            </intent-filter>
53        </activity>
54
55        <service
55-->src/main/AndroidManifest.xml:36:9-40:56
56            android:name="com.sharebooster.app.service.ShareService"
56-->src/main/AndroidManifest.xml:37:13-49
57            android:enabled="true"
57-->src/main/AndroidManifest.xml:38:13-35
58            android:exported="false"
58-->src/main/AndroidManifest.xml:39:13-37
59            android:foregroundServiceType="dataSync" />
59-->src/main/AndroidManifest.xml:40:13-53
60
61        <meta-data
61-->src/main/AndroidManifest.xml:42:9-44:69
62            android:name="com.google.android.gms.version"
62-->src/main/AndroidManifest.xml:43:13-58
63            android:value="@integer/google_play_services_version" />
63-->src/main/AndroidManifest.xml:44:13-66
64
65        <activity
65-->[com.google.android.gms:play-services-auth:20.7.0] AndroidManifest.xml:23:9-27:75
66            android:name="com.google.android.gms.auth.api.signin.internal.SignInHubActivity"
66-->[com.google.android.gms:play-services-auth:20.7.0] AndroidManifest.xml:24:13-93
67            android:excludeFromRecents="true"
67-->[com.google.android.gms:play-services-auth:20.7.0] AndroidManifest.xml:25:13-46
68            android:exported="false"
68-->[com.google.android.gms:play-services-auth:20.7.0] AndroidManifest.xml:26:13-37
69            android:theme="@android:style/Theme.Translucent.NoTitleBar" />
69-->[com.google.android.gms:play-services-auth:20.7.0] AndroidManifest.xml:27:13-72
70        <!--
71            Service handling Google Sign-In user revocation. For apps that do not integrate with
72            Google Sign-In, this service will never be started.
73        -->
74        <service
74-->[com.google.android.gms:play-services-auth:20.7.0] AndroidManifest.xml:33:9-37:51
75            android:name="com.google.android.gms.auth.api.signin.RevocationBoundService"
75-->[com.google.android.gms:play-services-auth:20.7.0] AndroidManifest.xml:34:13-89
76            android:exported="true"
76-->[com.google.android.gms:play-services-auth:20.7.0] AndroidManifest.xml:35:13-36
77            android:permission="com.google.android.gms.auth.api.signin.permission.REVOCATION_NOTIFICATION"
77-->[com.google.android.gms:play-services-auth:20.7.0] AndroidManifest.xml:36:13-107
78            android:visibleToInstantApps="true" />
78-->[com.google.android.gms:play-services-auth:20.7.0] AndroidManifest.xml:37:13-48
79
80        <receiver
80-->[com.google.android.gms:play-services-measurement:21.5.0] AndroidManifest.xml:29:9-33:20
81            android:name="com.google.android.gms.measurement.AppMeasurementReceiver"
81-->[com.google.android.gms:play-services-measurement:21.5.0] AndroidManifest.xml:30:13-85
82            android:enabled="true"
82-->[com.google.android.gms:play-services-measurement:21.5.0] AndroidManifest.xml:31:13-35
83            android:exported="false" >
83-->[com.google.android.gms:play-services-measurement:21.5.0] AndroidManifest.xml:32:13-37
84        </receiver>
85
86        <service
86-->[com.google.android.gms:play-services-measurement:21.5.0] AndroidManifest.xml:35:9-38:40
87            android:name="com.google.android.gms.measurement.AppMeasurementService"
87-->[com.google.android.gms:play-services-measurement:21.5.0] AndroidManifest.xml:36:13-84
88            android:enabled="true"
88-->[com.google.android.gms:play-services-measurement:21.5.0] AndroidManifest.xml:37:13-35
89            android:exported="false" />
89-->[com.google.android.gms:play-services-measurement:21.5.0] AndroidManifest.xml:38:13-37
90        <service
90-->[com.google.android.gms:play-services-measurement:21.5.0] AndroidManifest.xml:39:9-43:72
91            android:name="com.google.android.gms.measurement.AppMeasurementJobService"
91-->[com.google.android.gms:play-services-measurement:21.5.0] AndroidManifest.xml:40:13-87
92            android:enabled="true"
92-->[com.google.android.gms:play-services-measurement:21.5.0] AndroidManifest.xml:41:13-35
93            android:exported="false"
93-->[com.google.android.gms:play-services-measurement:21.5.0] AndroidManifest.xml:42:13-37
94            android:permission="android.permission.BIND_JOB_SERVICE" />
94-->[com.google.android.gms:play-services-measurement:21.5.0] AndroidManifest.xml:43:13-69
95
96        <activity
96-->[com.google.firebase:firebase-auth:22.3.1] AndroidManifest.xml:29:9-46:20
97            android:name="com.google.firebase.auth.internal.GenericIdpActivity"
97-->[com.google.firebase:firebase-auth:22.3.1] AndroidManifest.xml:30:13-80
98            android:excludeFromRecents="true"
98-->[com.google.firebase:firebase-auth:22.3.1] AndroidManifest.xml:31:13-46
99            android:exported="true"
99-->[com.google.firebase:firebase-auth:22.3.1] AndroidManifest.xml:32:13-36
100            android:launchMode="singleTask"
100-->[com.google.firebase:firebase-auth:22.3.1] AndroidManifest.xml:33:13-44
101            android:theme="@android:style/Theme.Translucent.NoTitleBar" >
101-->[com.google.firebase:firebase-auth:22.3.1] AndroidManifest.xml:34:13-72
102            <intent-filter>
102-->[com.google.firebase:firebase-auth:22.3.1] AndroidManifest.xml:35:13-45:29
103                <action android:name="android.intent.action.VIEW" />
103-->[com.google.firebase:firebase-auth:22.3.1] AndroidManifest.xml:36:17-69
103-->[com.google.firebase:firebase-auth:22.3.1] AndroidManifest.xml:36:25-66
104
105                <category android:name="android.intent.category.DEFAULT" />
105-->[com.google.firebase:firebase-auth:22.3.1] AndroidManifest.xml:38:17-76
105-->[com.google.firebase:firebase-auth:22.3.1] AndroidManifest.xml:38:27-73
106                <category android:name="android.intent.category.BROWSABLE" />
106-->[com.google.firebase:firebase-auth:22.3.1] AndroidManifest.xml:39:17-78
106-->[com.google.firebase:firebase-auth:22.3.1] AndroidManifest.xml:39:27-75
107
108                <data
108-->[com.google.firebase:firebase-auth:22.3.1] AndroidManifest.xml:41:17-44:51
109                    android:host="firebase.auth"
109-->[com.google.firebase:firebase-auth:22.3.1] AndroidManifest.xml:42:21-49
110                    android:path="/"
110-->[com.google.firebase:firebase-auth:22.3.1] AndroidManifest.xml:43:21-37
111                    android:scheme="genericidp" />
111-->[com.google.firebase:firebase-auth:22.3.1] AndroidManifest.xml:44:21-48
112            </intent-filter>
113        </activity>
114        <activity
114-->[com.google.firebase:firebase-auth:22.3.1] AndroidManifest.xml:47:9-64:20
115            android:name="com.google.firebase.auth.internal.RecaptchaActivity"
115-->[com.google.firebase:firebase-auth:22.3.1] AndroidManifest.xml:48:13-79
116            android:excludeFromRecents="true"
116-->[com.google.firebase:firebase-auth:22.3.1] AndroidManifest.xml:49:13-46
117            android:exported="true"
117-->[com.google.firebase:firebase-auth:22.3.1] AndroidManifest.xml:50:13-36
118            android:launchMode="singleTask"
118-->[com.google.firebase:firebase-auth:22.3.1] AndroidManifest.xml:51:13-44
119            android:theme="@android:style/Theme.Translucent.NoTitleBar" >
119-->[com.google.firebase:firebase-auth:22.3.1] AndroidManifest.xml:52:13-72
120            <intent-filter>
120-->[com.google.firebase:firebase-auth:22.3.1] AndroidManifest.xml:53:13-63:29
121                <action android:name="android.intent.action.VIEW" />
121-->[com.google.firebase:firebase-auth:22.3.1] AndroidManifest.xml:36:17-69
121-->[com.google.firebase:firebase-auth:22.3.1] AndroidManifest.xml:36:25-66
122
123                <category android:name="android.intent.category.DEFAULT" />
123-->[com.google.firebase:firebase-auth:22.3.1] AndroidManifest.xml:38:17-76
123-->[com.google.firebase:firebase-auth:22.3.1] AndroidManifest.xml:38:27-73
124                <category android:name="android.intent.category.BROWSABLE" />
124-->[com.google.firebase:firebase-auth:22.3.1] AndroidManifest.xml:39:17-78
124-->[com.google.firebase:firebase-auth:22.3.1] AndroidManifest.xml:39:27-75
125
126                <data
126-->[com.google.firebase:firebase-auth:22.3.1] AndroidManifest.xml:41:17-44:51
127                    android:host="firebase.auth"
127-->[com.google.firebase:firebase-auth:22.3.1] AndroidManifest.xml:42:21-49
128                    android:path="/"
128-->[com.google.firebase:firebase-auth:22.3.1] AndroidManifest.xml:43:21-37
129                    android:scheme="recaptcha" />
129-->[com.google.firebase:firebase-auth:22.3.1] AndroidManifest.xml:44:21-48
130            </intent-filter>
131        </activity>
132
133        <service
133-->[com.google.firebase:firebase-auth:22.3.1] AndroidManifest.xml:66:9-72:19
134            android:name="com.google.firebase.components.ComponentDiscoveryService"
134-->[com.google.firebase:firebase-auth:22.3.1] AndroidManifest.xml:67:13-84
135            android:directBootAware="true"
135-->[com.google.firebase:firebase-common:20.4.2] AndroidManifest.xml:32:13-43
136            android:exported="false" >
136-->[com.google.firebase:firebase-auth:22.3.1] AndroidManifest.xml:68:13-37
137            <meta-data
137-->[com.google.firebase:firebase-auth:22.3.1] AndroidManifest.xml:69:13-71:85
138                android:name="com.google.firebase.components:com.google.firebase.auth.FirebaseAuthRegistrar"
138-->[com.google.firebase:firebase-auth:22.3.1] AndroidManifest.xml:70:17-109
139                android:value="com.google.firebase.components.ComponentRegistrar" />
139-->[com.google.firebase:firebase-auth:22.3.1] AndroidManifest.xml:71:17-82
140            <meta-data
140-->[com.google.android.gms:play-services-measurement-api:21.5.0] AndroidManifest.xml:37:13-39:85
141                android:name="com.google.firebase.components:com.google.firebase.analytics.connector.internal.AnalyticsConnectorRegistrar"
141-->[com.google.android.gms:play-services-measurement-api:21.5.0] AndroidManifest.xml:38:17-139
142                android:value="com.google.firebase.components.ComponentRegistrar" />
142-->[com.google.android.gms:play-services-measurement-api:21.5.0] AndroidManifest.xml:39:17-82
143            <meta-data
143-->[com.google.firebase:firebase-common-ktx:20.4.2] AndroidManifest.xml:12:13-14:85
144                android:name="com.google.firebase.components:com.google.firebase.ktx.FirebaseCommonLegacyRegistrar"
144-->[com.google.firebase:firebase-common-ktx:20.4.2] AndroidManifest.xml:13:17-116
145                android:value="com.google.firebase.components.ComponentRegistrar" />
145-->[com.google.firebase:firebase-common-ktx:20.4.2] AndroidManifest.xml:14:17-82
146            <meta-data
146-->[com.google.firebase:firebase-installations:17.0.1] AndroidManifest.xml:18:13-20:85
147                android:name="com.google.firebase.components:com.google.firebase.installations.FirebaseInstallationsRegistrar"
147-->[com.google.firebase:firebase-installations:17.0.1] AndroidManifest.xml:19:17-127
148                android:value="com.google.firebase.components.ComponentRegistrar" />
148-->[com.google.firebase:firebase-installations:17.0.1] AndroidManifest.xml:20:17-82
149            <meta-data
149-->[com.google.firebase:firebase-common:20.4.2] AndroidManifest.xml:35:13-37:85
150                android:name="com.google.firebase.components:com.google.firebase.FirebaseCommonKtxRegistrar"
150-->[com.google.firebase:firebase-common:20.4.2] AndroidManifest.xml:36:17-109
151                android:value="com.google.firebase.components.ComponentRegistrar" />
151-->[com.google.firebase:firebase-common:20.4.2] AndroidManifest.xml:37:17-82
152        </service>
153
154        <activity
154-->[com.google.android.gms:play-services-base:18.0.1] AndroidManifest.xml:20:9-22:45
155            android:name="com.google.android.gms.common.api.GoogleApiActivity"
155-->[com.google.android.gms:play-services-base:18.0.1] AndroidManifest.xml:20:19-85
156            android:exported="false"
156-->[com.google.android.gms:play-services-base:18.0.1] AndroidManifest.xml:22:19-43
157            android:theme="@android:style/Theme.Translucent.NoTitleBar" />
157-->[com.google.android.gms:play-services-base:18.0.1] AndroidManifest.xml:21:19-78
158
159        <property
159-->[com.google.android.gms:play-services-measurement-api:21.5.0] AndroidManifest.xml:30:9-32:61
160            android:name="android.adservices.AD_SERVICES_CONFIG"
160-->[com.google.android.gms:play-services-measurement-api:21.5.0] AndroidManifest.xml:31:13-65
161            android:resource="@xml/ga_ad_services_config" />
161-->[com.google.android.gms:play-services-measurement-api:21.5.0] AndroidManifest.xml:32:13-58
162
163        <provider
163-->[com.google.firebase:firebase-common:20.4.2] AndroidManifest.xml:23:9-28:39
164            android:name="com.google.firebase.provider.FirebaseInitProvider"
164-->[com.google.firebase:firebase-common:20.4.2] AndroidManifest.xml:24:13-77
165            android:authorities="com.sharebooster.app.firebaseinitprovider"
165-->[com.google.firebase:firebase-common:20.4.2] AndroidManifest.xml:25:13-72
166            android:directBootAware="true"
166-->[com.google.firebase:firebase-common:20.4.2] AndroidManifest.xml:26:13-43
167            android:exported="false"
167-->[com.google.firebase:firebase-common:20.4.2] AndroidManifest.xml:27:13-37
168            android:initOrder="100" />
168-->[com.google.firebase:firebase-common:20.4.2] AndroidManifest.xml:28:13-36
169        <provider
169-->[androidx.work:work-runtime:2.9.0] AndroidManifest.xml:29:9-37:20
170            android:name="androidx.startup.InitializationProvider"
170-->[androidx.work:work-runtime:2.9.0] AndroidManifest.xml:30:13-67
171            android:authorities="com.sharebooster.app.androidx-startup"
171-->[androidx.work:work-runtime:2.9.0] AndroidManifest.xml:31:13-68
172            android:exported="false" >
172-->[androidx.work:work-runtime:2.9.0] AndroidManifest.xml:32:13-37
173            <meta-data
173-->[androidx.work:work-runtime:2.9.0] AndroidManifest.xml:34:13-36:52
174                android:name="androidx.work.WorkManagerInitializer"
174-->[androidx.work:work-runtime:2.9.0] AndroidManifest.xml:35:17-68
175                android:value="androidx.startup" />
175-->[androidx.work:work-runtime:2.9.0] AndroidManifest.xml:36:17-49
176            <meta-data
176-->[androidx.emoji2:emoji2:1.4.0] AndroidManifest.xml:29:13-31:52
177                android:name="androidx.emoji2.text.EmojiCompatInitializer"
177-->[androidx.emoji2:emoji2:1.4.0] AndroidManifest.xml:30:17-75
178                android:value="androidx.startup" />
178-->[androidx.emoji2:emoji2:1.4.0] AndroidManifest.xml:31:17-49
179            <meta-data
179-->[androidx.lifecycle:lifecycle-process:2.7.0] AndroidManifest.xml:29:13-31:52
180                android:name="androidx.lifecycle.ProcessLifecycleInitializer"
180-->[androidx.lifecycle:lifecycle-process:2.7.0] AndroidManifest.xml:30:17-78
181                android:value="androidx.startup" />
181-->[androidx.lifecycle:lifecycle-process:2.7.0] AndroidManifest.xml:31:17-49
182            <meta-data
182-->[androidx.profileinstaller:profileinstaller:1.3.1] AndroidManifest.xml:29:13-31:52
183                android:name="androidx.profileinstaller.ProfileInstallerInitializer"
183-->[androidx.profileinstaller:profileinstaller:1.3.1] AndroidManifest.xml:30:17-85
184                android:value="androidx.startup" />
184-->[androidx.profileinstaller:profileinstaller:1.3.1] AndroidManifest.xml:31:17-49
185        </provider>
186
187        <service
187-->[androidx.work:work-runtime:2.9.0] AndroidManifest.xml:39:9-45:35
188            android:name="androidx.work.impl.background.systemalarm.SystemAlarmService"
188-->[androidx.work:work-runtime:2.9.0] AndroidManifest.xml:40:13-88
189            android:directBootAware="false"
189-->[androidx.work:work-runtime:2.9.0] AndroidManifest.xml:41:13-44
190            android:enabled="@bool/enable_system_alarm_service_default"
190-->[androidx.work:work-runtime:2.9.0] AndroidManifest.xml:42:13-72
191            android:exported="false" />
191-->[androidx.work:work-runtime:2.9.0] AndroidManifest.xml:43:13-37
192        <service
192-->[androidx.work:work-runtime:2.9.0] AndroidManifest.xml:46:9-52:35
193            android:name="androidx.work.impl.background.systemjob.SystemJobService"
193-->[androidx.work:work-runtime:2.9.0] AndroidManifest.xml:47:13-84
194            android:directBootAware="false"
194-->[androidx.work:work-runtime:2.9.0] AndroidManifest.xml:48:13-44
195            android:enabled="@bool/enable_system_job_service_default"
195-->[androidx.work:work-runtime:2.9.0] AndroidManifest.xml:49:13-70
196            android:exported="true"
196-->[androidx.work:work-runtime:2.9.0] AndroidManifest.xml:50:13-36
197            android:permission="android.permission.BIND_JOB_SERVICE" />
197-->[androidx.work:work-runtime:2.9.0] AndroidManifest.xml:51:13-69
198        <service
198-->[androidx.work:work-runtime:2.9.0] AndroidManifest.xml:53:9-59:35
199            android:name="androidx.work.impl.foreground.SystemForegroundService"
199-->[androidx.work:work-runtime:2.9.0] AndroidManifest.xml:54:13-81
200            android:directBootAware="false"
200-->[androidx.work:work-runtime:2.9.0] AndroidManifest.xml:55:13-44
201            android:enabled="@bool/enable_system_foreground_service_default"
201-->[androidx.work:work-runtime:2.9.0] AndroidManifest.xml:56:13-77
202            android:exported="false" />
202-->[androidx.work:work-runtime:2.9.0] AndroidManifest.xml:57:13-37
203
204        <receiver
204-->[androidx.work:work-runtime:2.9.0] AndroidManifest.xml:61:9-66:35
205            android:name="androidx.work.impl.utils.ForceStopRunnable$BroadcastReceiver"
205-->[androidx.work:work-runtime:2.9.0] AndroidManifest.xml:62:13-88
206            android:directBootAware="false"
206-->[androidx.work:work-runtime:2.9.0] AndroidManifest.xml:63:13-44
207            android:enabled="true"
207-->[androidx.work:work-runtime:2.9.0] AndroidManifest.xml:64:13-35
208            android:exported="false" />
208-->[androidx.work:work-runtime:2.9.0] AndroidManifest.xml:65:13-37
209        <receiver
209-->[androidx.work:work-runtime:2.9.0] AndroidManifest.xml:67:9-77:20
210            android:name="androidx.work.impl.background.systemalarm.ConstraintProxy$BatteryChargingProxy"
210-->[androidx.work:work-runtime:2.9.0] AndroidManifest.xml:68:13-106
211            android:directBootAware="false"
211-->[androidx.work:work-runtime:2.9.0] AndroidManifest.xml:69:13-44
212            android:enabled="false"
212-->[androidx.work:work-runtime:2.9.0] AndroidManifest.xml:70:13-36
213            android:exported="false" >
213-->[androidx.work:work-runtime:2.9.0] AndroidManifest.xml:71:13-37
214            <intent-filter>
214-->[androidx.work:work-runtime:2.9.0] AndroidManifest.xml:73:13-76:29
215                <action android:name="android.intent.action.ACTION_POWER_CONNECTED" />
215-->[androidx.work:work-runtime:2.9.0] AndroidManifest.xml:74:17-87
215-->[androidx.work:work-runtime:2.9.0] AndroidManifest.xml:74:25-84
216                <action android:name="android.intent.action.ACTION_POWER_DISCONNECTED" />
216-->[androidx.work:work-runtime:2.9.0] AndroidManifest.xml:75:17-90
216-->[androidx.work:work-runtime:2.9.0] AndroidManifest.xml:75:25-87
217            </intent-filter>
218        </receiver>
219        <receiver
219-->[androidx.work:work-runtime:2.9.0] AndroidManifest.xml:78:9-88:20
220            android:name="androidx.work.impl.background.systemalarm.ConstraintProxy$BatteryNotLowProxy"
220-->[androidx.work:work-runtime:2.9.0] AndroidManifest.xml:79:13-104
221            android:directBootAware="false"
221-->[androidx.work:work-runtime:2.9.0] AndroidManifest.xml:80:13-44
222            android:enabled="false"
222-->[androidx.work:work-runtime:2.9.0] AndroidManifest.xml:81:13-36
223            android:exported="false" >
223-->[androidx.work:work-runtime:2.9.0] AndroidManifest.xml:82:13-37
224            <intent-filter>
224-->[androidx.work:work-runtime:2.9.0] AndroidManifest.xml:84:13-87:29
225                <action android:name="android.intent.action.BATTERY_OKAY" />
225-->[androidx.work:work-runtime:2.9.0] AndroidManifest.xml:85:17-77
225-->[androidx.work:work-runtime:2.9.0] AndroidManifest.xml:85:25-74
226                <action android:name="android.intent.action.BATTERY_LOW" />
226-->[androidx.work:work-runtime:2.9.0] AndroidManifest.xml:86:17-76
226-->[androidx.work:work-runtime:2.9.0] AndroidManifest.xml:86:25-73
227            </intent-filter>
228        </receiver>
229        <receiver
229-->[androidx.work:work-runtime:2.9.0] AndroidManifest.xml:89:9-99:20
230            android:name="androidx.work.impl.background.systemalarm.ConstraintProxy$StorageNotLowProxy"
230-->[androidx.work:work-runtime:2.9.0] AndroidManifest.xml:90:13-104
231            android:directBootAware="false"
231-->[androidx.work:work-runtime:2.9.0] AndroidManifest.xml:91:13-44
232            android:enabled="false"
232-->[androidx.work:work-runtime:2.9.0] AndroidManifest.xml:92:13-36
233            android:exported="false" >
233-->[androidx.work:work-runtime:2.9.0] AndroidManifest.xml:93:13-37
234            <intent-filter>
234-->[androidx.work:work-runtime:2.9.0] AndroidManifest.xml:95:13-98:29
235                <action android:name="android.intent.action.DEVICE_STORAGE_LOW" />
235-->[androidx.work:work-runtime:2.9.0] AndroidManifest.xml:96:17-83
235-->[androidx.work:work-runtime:2.9.0] AndroidManifest.xml:96:25-80
236                <action android:name="android.intent.action.DEVICE_STORAGE_OK" />
236-->[androidx.work:work-runtime:2.9.0] AndroidManifest.xml:97:17-82
236-->[androidx.work:work-runtime:2.9.0] AndroidManifest.xml:97:25-79
237            </intent-filter>
238        </receiver>
239        <receiver
239-->[androidx.work:work-runtime:2.9.0] AndroidManifest.xml:100:9-109:20
240            android:name="androidx.work.impl.background.systemalarm.ConstraintProxy$NetworkStateProxy"
240-->[androidx.work:work-runtime:2.9.0] AndroidManifest.xml:101:13-103
241            android:directBootAware="false"
241-->[androidx.work:work-runtime:2.9.0] AndroidManifest.xml:102:13-44
242            android:enabled="false"
242-->[androidx.work:work-runtime:2.9.0] AndroidManifest.xml:103:13-36
243            android:exported="false" >
243-->[androidx.work:work-runtime:2.9.0] AndroidManifest.xml:104:13-37
244            <intent-filter>
244-->[androidx.work:work-runtime:2.9.0] AndroidManifest.xml:106:13-108:29
245                <action android:name="android.net.conn.CONNECTIVITY_CHANGE" />
245-->[androidx.work:work-runtime:2.9.0] AndroidManifest.xml:107:17-79
245-->[androidx.work:work-runtime:2.9.0] AndroidManifest.xml:107:25-76
246            </intent-filter>
247        </receiver>
248        <receiver
248-->[androidx.work:work-runtime:2.9.0] AndroidManifest.xml:110:9-121:20
249            android:name="androidx.work.impl.background.systemalarm.RescheduleReceiver"
249-->[androidx.work:work-runtime:2.9.0] AndroidManifest.xml:111:13-88
250            android:directBootAware="false"
250-->[androidx.work:work-runtime:2.9.0] AndroidManifest.xml:112:13-44
251            android:enabled="false"
251-->[androidx.work:work-runtime:2.9.0] AndroidManifest.xml:113:13-36
252            android:exported="false" >
252-->[androidx.work:work-runtime:2.9.0] AndroidManifest.xml:114:13-37
253            <intent-filter>
253-->[androidx.work:work-runtime:2.9.0] AndroidManifest.xml:116:13-120:29
254                <action android:name="android.intent.action.BOOT_COMPLETED" />
254-->[androidx.work:work-runtime:2.9.0] AndroidManifest.xml:117:17-79
254-->[androidx.work:work-runtime:2.9.0] AndroidManifest.xml:117:25-76
255                <action android:name="android.intent.action.TIME_SET" />
255-->[androidx.work:work-runtime:2.9.0] AndroidManifest.xml:118:17-73
255-->[androidx.work:work-runtime:2.9.0] AndroidManifest.xml:118:25-70
256                <action android:name="android.intent.action.TIMEZONE_CHANGED" />
256-->[androidx.work:work-runtime:2.9.0] AndroidManifest.xml:119:17-81
256-->[androidx.work:work-runtime:2.9.0] AndroidManifest.xml:119:25-78
257            </intent-filter>
258        </receiver>
259        <receiver
259-->[androidx.work:work-runtime:2.9.0] AndroidManifest.xml:122:9-131:20
260            android:name="androidx.work.impl.background.systemalarm.ConstraintProxyUpdateReceiver"
260-->[androidx.work:work-runtime:2.9.0] AndroidManifest.xml:123:13-99
261            android:directBootAware="false"
261-->[androidx.work:work-runtime:2.9.0] AndroidManifest.xml:124:13-44